Arguments: 
  /usr/local/bin/node /usr/local/bin/yarn add firebase

PATH: 
  /home/rajeev/.local/bin:/usr/local/sbin:/usr/local/bin:/usr/sbin:/usr/bin:/sbin:/bin:/usr/games:/usr/local/games:/snap/bin

Yarn version: 
  1.21.1

Node version: 
  12.14.0

Platform: 
  linux x64

Trace: 
  Error: EACCES: permission denied, mkdir '/home/rajeev/tab-navigation/node_modules/@firebase/firestore'

npm manifest: 
  {
    "main": "node_modules/expo/AppEntry.js",
    "scripts": {
      "start": "expo start",
      "android": "expo start --android",
      "ios": "expo start --ios",
      "web": "expo start --web",
      "eject": "expo eject"
    },
    "dependencies": {
      "expo": "~36.0.0",
      "expo-barcode-scanner": "^8.0.0",
      "expo-permissions": "^8.0.0",
      "react": "~16.9.0",
      "react-dom": "~16.9.0",
      "react-native": "https://github.com/expo/react-native/archive/sdk-36.0.0.tar.gz",
      "react-native-firebase": "^5.6.0",
      "react-native-gesture-handler": "^1.5.3",
      "react-native-reanimated": "^1.7.0",
      "react-native-web": "~0.11.7",
      "react-navigation": "^4.0.10",
      "react-navigation-tabs": "^2.7.0"
    },
    "devDependencies": {
      "babel-preset-expo": "~8.0.0",
      "@babel/core": "^7.0.0"
    },
    "private": true
  }

yarn manifest: 
  No manifest

Lockfile: 
  No lockfile
